This file contains any messages produced by compilers while
running configure, to aid debugging if configure makes a mistake.

It was created by configure, which was
generated by GNU Autoconf 2.69.  Invocation command line was

  $ ../configure --enable-languages=c,c++ --disable-multilib --disable-bootstrap --enable-shared --enable-threads=posix --enable-checking=release --with-system-zlib --enable-__cxa_atexit --disable-libunwind-exceptions --enable-gnu-unique-object --with-gcc-major-version-only --enable-linker-build-id --with-linker-hash-style=gnu --enable-plugin --enable-initfini-array --enable-gnu-indirect-function --with-tune=generic --build=x86_64-linux-gnu

## --------- ##
## Platform. ##
## --------- ##

hostname = ucc-testbed-HP-ENVY-All-in-One-Desktop-34-c1xxx
uname -m = x86_64
uname -r = 6.8.0-51-generic
uname -s = Linux
uname -v = #52-Ubuntu SMP PREEMPT_DYNAMIC Thu Dec  5 13:09:44 UTC 2024

/usr/bin/uname -p = x86_64
/bin/uname -X     = unknown

/bin/arch              = x86_64
/usr/bin/arch -k       = unknown
/usr/convex/getsysinfo = unknown
/usr/bin/hostinfo      = unknown
/bin/machine           = unknown
/usr/bin/oslevel       = unknown
/bin/universe          = unknown

PATH: /home/ucc-testbed/.cargo/bin
PATH: /usr/local/sbin
PATH: /usr/local/bin
PATH: /usr/sbin
PATH: /usr/bin
PATH: /sbin
PATH: /bin
PATH: /usr/games
PATH: /usr/local/games
PATH: /snap/bin
PATH: /snap/bin


## ----------- ##
## Core tests. ##
## ----------- ##

configure:2406: checking build system type
configure:2420: result: x86_64-pc-linux-gnu
configure:2467: checking host system type
configure:2480: result: x86_64-pc-linux-gnu
configure:2500: checking target system type
configure:2513: result: x86_64-pc-linux-gnu
configure:2567: checking for a BSD-compatible install
configure:2635: result: /usr/bin/install -c
configure:2646: checking whether ln works
configure:2668: result: yes
configure:2672: checking whether ln -s works
configure:2676: result: yes
configure:2683: checking for a sed that does not truncate output
configure:2747: result: /usr/bin/sed
configure:2756: checking for gawk
configure:2772: found /usr/bin/gawk
configure:2783: result: gawk
configure:3312: checking for libatomic support
configure:3322: result: yes
configure:3331: checking for libitm support
configure:3341: result: yes
configure:3350: checking for libsanitizer support
configure:3360: result: yes
configure:3369: checking for libvtv support
configure:3379: result: yes
configure:3499: checking for libphobos support
configure:3509: result: yes
configure:4237: checking for gcc
configure:4253: found /usr/bin/gcc
configure:4264: result: gcc
configure:4493: checking for C compiler version
configure:4502: gcc --version >&5
gcc (Ubuntu 13.3.0-6ubuntu2~24.04) 13.3.0
Copyright (C) 2023 Free Software Foundation, Inc.
This is free software; see the source for copying conditions.  There is NO
warranty; not even for MERCHANTABILITY or FITNESS FOR A PARTICULAR PURPOSE.

configure:4513: $? = 0
configure:4502: gcc -v >&5
Using built-in specs.
COLLECT_GCC=gcc
COLLECT_LTO_WRAPPER=/usr/libexec/gcc/x86_64-linux-gnu/13/lto-wrapper
OFFLOAD_TARGET_NAMES=nvptx-none:amdgcn-amdhsa
OFFLOAD_TARGET_DEFAULT=1
Target: x86_64-linux-gnu
Configured with: ../src/configure -v --with-pkgversion='Ubuntu 13.3.0-6ubuntu2~24.04' --with-bugurl=file:///usr/share/doc/gcc-13/README.Bugs --enable-languages=c,ada,c++,go,d,fortran,objc,obj-c++,m2 --prefix=/usr --with-gcc-major-version-only --program-suffix=-13 --program-prefix=x86_64-linux-gnu- --enable-shared --enable-linker-build-id --libexecdir=/usr/libexec --without-included-gettext --enable-threads=posix --libdir=/usr/lib --enable-nls --enable-bootstrap --enable-clocale=gnu --enable-libstdcxx-debug --enable-libstdcxx-time=yes --with-default-libstdcxx-abi=new --enable-libstdcxx-backtrace --enable-gnu-unique-object --disable-vtable-verify --enable-plugin --enable-default-pie --with-system-zlib --enable-libphobos-checking=release --with-target-system-zlib=auto --enable-objc-gc=auto --enable-multiarch --disable-werror --enable-cet --with-arch-32=i686 --with-abi=m64 --with-multilib-list=m32,m64,mx32 --enable-multilib --with-tune=generic --enable-offload-targets=nvptx-none=/build/gcc-13-fG75Ri/gcc-13-13.3.0/debian/tmp-nvptx/usr,amdgcn-amdhsa=/build/gcc-13-fG75Ri/gcc-13-13.3.0/debian/tmp-gcn/usr --enable-offload-defaulted --without-cuda-driver --enable-checking=release --build=x86_64-linux-gnu --host=x86_64-linux-gnu --target=x86_64-linux-gnu --with-build-config=bootstrap-lto-lean --enable-link-serialization=2
Thread model: posix
Supported LTO compression algorithms: zlib zstd
gcc version 13.3.0 (Ubuntu 13.3.0-6ubuntu2~24.04) 
... rest of stderr output deleted ...
configure:4513: $? = 0
configure:4502: gcc -V >&5
gcc: error: unrecognized command-line option '-V'
gcc: fatal error: no input files
compilation terminated.
configure:4513: $? = 1
configure:4502: gcc -qversion >&5
gcc: error: unrecognized command-line option '-qversion'; did you mean '--version'?
gcc: fatal error: no input files
compilation terminated.
configure:4513: $? = 1
configure:4533: checking whether the C compiler works
configure:4555: gcc    conftest.c  >&5
configure:4559: $? = 0
configure:4607: result: yes
configure:4610: checking for C compiler default output file name
configure:4612: result: a.out
configure:4618: checking for suffix of executables
configure:4625: gcc -o conftest    conftest.c  >&5
configure:4629: $? = 0
configure:4651: result: 
configure:4673: checking whether we are cross compiling
configure:4681: gcc -o conftest    conftest.c  >&5
configure:4685: $? = 0
configure:4692: ./conftest
configure:4696: $? = 0
configure:4711: result: no
configure:4716: checking for suffix of object files
configure:4738: gcc -c   conftest.c >&5
configure:4742: $? = 0
configure:4763: result: o
configure:4767: checking whether we are using the GNU C compiler
configure:4786: gcc -c   conftest.c >&5
configure:4786: $? = 0
configure:4795: result: yes
configure:4804: checking whether gcc accepts -g
configure:4824: gcc -c -g  conftest.c >&5
configure:4824: $? = 0
configure:4865: result: yes
configure:4882: checking for gcc option to accept ISO C89
configure:4945: gcc  -c -g -O2  conftest.c >&5
configure:4945: $? = 0
configure:4958: result: none needed
configure:4978: checking for gcc option to accept ISO C99
configure:5127: gcc  -c -g -O2  conftest.c >&5
configure:5127: $? = 0
configure:5140: result: none needed
configure:5213: checking for g++
configure:5229: found /usr/bin/g++
configure:5240: result: g++
configure:5267: checking for C++ compiler version
configure:5276: g++ --version >&5
g++ (Ubuntu 13.3.0-6ubuntu2~24.04) 13.3.0
Copyright (C) 2023 Free Software Foundation, Inc.
This is free software; see the source for copying conditions.  There is NO
warranty; not even for MERCHANTABILITY or FITNESS FOR A PARTICULAR PURPOSE.

configure:5287: $? = 0
configure:5276: g++ -v >&5
Using built-in specs.
COLLECT_GCC=g++
COLLECT_LTO_WRAPPER=/usr/libexec/gcc/x86_64-linux-gnu/13/lto-wrapper
OFFLOAD_TARGET_NAMES=nvptx-none:amdgcn-amdhsa
OFFLOAD_TARGET_DEFAULT=1
Target: x86_64-linux-gnu
Configured with: ../src/configure -v --with-pkgversion='Ubuntu 13.3.0-6ubuntu2~24.04' --with-bugurl=file:///usr/share/doc/gcc-13/README.Bugs --enable-languages=c,ada,c++,go,d,fortran,objc,obj-c++,m2 --prefix=/usr --with-gcc-major-version-only --program-suffix=-13 --program-prefix=x86_64-linux-gnu- --enable-shared --enable-linker-build-id --libexecdir=/usr/libexec --without-included-gettext --enable-threads=posix --libdir=/usr/lib --enable-nls --enable-bootstrap --enable-clocale=gnu --enable-libstdcxx-debug --enable-libstdcxx-time=yes --with-default-libstdcxx-abi=new --enable-libstdcxx-backtrace --enable-gnu-unique-object --disable-vtable-verify --enable-plugin --enable-default-pie --with-system-zlib --enable-libphobos-checking=release --with-target-system-zlib=auto --enable-objc-gc=auto --enable-multiarch --disable-werror --enable-cet --with-arch-32=i686 --with-abi=m64 --with-multilib-list=m32,m64,mx32 --enable-multilib --with-tune=generic --enable-offload-targets=nvptx-none=/build/gcc-13-fG75Ri/gcc-13-13.3.0/debian/tmp-nvptx/usr,amdgcn-amdhsa=/build/gcc-13-fG75Ri/gcc-13-13.3.0/debian/tmp-gcn/usr --enable-offload-defaulted --without-cuda-driver --enable-checking=release --build=x86_64-linux-gnu --host=x86_64-linux-gnu --target=x86_64-linux-gnu --with-build-config=bootstrap-lto-lean --enable-link-serialization=2
Thread model: posix
Supported LTO compression algorithms: zlib zstd
gcc version 13.3.0 (Ubuntu 13.3.0-6ubuntu2~24.04) 
... rest of stderr output deleted ...
configure:5287: $? = 0
configure:5276: g++ -V >&5
g++: error: unrecognized command-line option '-V'
g++: fatal error: no input files
compilation terminated.
configure:5287: $? = 1
configure:5276: g++ -qversion >&5
g++: error: unrecognized command-line option '-qversion'; did you mean '--version'?
g++: fatal error: no input files
compilation terminated.
configure:5287: $? = 1
configure:5291: checking whether we are using the GNU C++ compiler
configure:5310: g++ -c   conftest.cpp >&5
configure:5310: $? = 0
configure:5319: result: yes
configure:5328: checking whether g++ accepts -g
configure:5348: g++ -c -g  conftest.cpp >&5
configure:5348: $? = 0
configure:5389: result: yes
configure:5438: checking whether g++ accepts -static-libstdc++ -static-libgcc
configure:5455: g++ -o conftest -g -O2   -static-libstdc++ -static-libgcc conftest.cpp  >&5
configure:5455: $? = 0
configure:5456: result: yes
configure:5520: checking for gnatbind
configure:5536: found /usr/bin/gnatbind
configure:5547: result: gnatbind
configure:5612: checking for gnatmake
configure:5628: found /usr/bin/gnatmake
configure:5639: result: gnatmake
configure:5661: checking whether compiler driver understands Ada and is recent enough
configure:5688: result: yes
configure:5742: checking for gdc
configure:5772: result: no
configure:5791: checking whether the D compiler works
configure:5808: result: no
configure:5820: checking for cargo
configure:5836: found /home/ucc-testbed/.cargo/bin/cargo
configure:5847: result: cargo
configure:5864: checking how to compare bootstrapped objects
configure:5889: result: cmp --ignore-initial=16 $$f1 $$f2
configure:5956: checking whether g++ supports C++14 features by default
configure:6372: g++ -c -g -O2  conftest.cpp >&5
configure:6372: $? = 0
configure:6379: result: yes
configure:8753: checking for objdir
configure:8768: result: .libs
configure:8938: checking for the correct version of gmp.h
configure:8957: gcc -c -g -O2   conftest.c >&5
configure:8957: $? = 0
configure:8975: gcc -c -g -O2   conftest.c >&5
configure:8975: $? = 0
configure:8976: result: yes
configure:8992: checking for the correct version of mpfr.h
configure:9010: gcc -c -g -O2   conftest.c >&5
configure:9010: $? = 0
configure:9027: gcc -c -g -O2   conftest.c >&5
configure:9027: $? = 0
configure:9028: result: yes
configure:9045: checking for the correct version of mpc.h
configure:9062: gcc -c -g -O2   conftest.c >&5
configure:9062: $? = 0
configure:9078: gcc -c -g -O2   conftest.c >&5
configure:9078: $? = 0
configure:9079: result: yes
configure:9097: checking for the correct version of the gmp/mpfr libraries
configure:9121: gcc -o conftest -g -O2    conftest.c  -lmpc -lmpfr -lgmp >&5
configure:9121: $? = 0
configure:9122: result: yes
configure:9137: checking for the correct version of the mpc libraries
configure:9158: gcc -o conftest -g -O2    conftest.c  -lmpc -lmpfr -lgmp >&5
configure:9158: $? = 0
configure:9159: result: yes
configure:9384: checking for isl 0.15 or later
configure:9397: gcc -o conftest -g -O2      -lisl -lmpc -lmpfr -lgmp conftest.c  -lisl -lgmp >&5
conftest.c:11:10: fatal error: isl/schedule.h: No such file or directory
   11 | #include <isl/schedule.h>
      |          ^~~~~~~~~~~~~~~~
compilation terminated.
configure:9397: $? = 1
configure: failed program was:
| /* confdefs.h */
| #define PACKAGE_NAME ""
| #define PACKAGE_TARNAME ""
| #define PACKAGE_VERSION ""
| #define PACKAGE_STRING ""
| #define PACKAGE_BUGREPORT ""
| #define PACKAGE_URL ""
| #define HAVE_CXX14 1
| #define LT_OBJDIR ".libs/"
| /* end confdefs.h.  */
| #include <isl/schedule.h>
| int
| main ()
| {
| isl_options_set_schedule_serialize_sccs (NULL, 0);
|   ;
|   return 0;
| }
configure:9404: result: no
configure:9408: result: required isl version is 0.15 or later
configure:9626: checking whether to enable libgdiagnostics
configure:9658: result: no
configure:9671: checking for library containing dlopen
configure:9702: gcc -o conftest -g -O2   conftest.c  >&5
configure:9702: $? = 0
configure:9719: result: none required
configure:9727: checking for library containing pthread_create
configure:9758: gcc -o conftest -g -O2   conftest.c  >&5
configure:9758: $? = 0
configure:9775: result: none required
configure:10863: checking for default BUILD_CONFIG
configure:10895: result: 
configure:10900: checking for --enable-vtable-verify
configure:10913: result: no
configure:11600: checking for bison
configure:11616: found /usr/bin/bison
configure:11627: result: bison -y
configure:11647: checking for bison
configure:11663: found /usr/bin/bison
configure:11674: result: bison
configure:11694: checking for gm4
configure:11724: result: no
configure:11694: checking for gnum4
configure:11724: result: no
configure:11694: checking for m4
configure:11710: found /usr/bin/m4
configure:11721: result: m4
configure:11741: checking for flex
configure:11757: found /usr/bin/flex
configure:11768: result: flex
configure:11789: checking for flex
configure:11805: found /usr/bin/flex
configure:11816: result: flex
configure:11836: checking for makeinfo
configure:11852: found /usr/bin/makeinfo
configure:11863: result: makeinfo
configure:11897: checking for expect
configure:11927: result: no
configure:11946: checking for runtest
configure:11976: result: no
configure:12091: checking for ar
configure:12107: found /usr/bin/ar
configure:12118: result: ar
configure:12232: checking for as
configure:12248: found /usr/bin/as
configure:12259: result: as
configure:12373: checking for dlltool
configure:12403: result: no
configure:12514: checking for dsymutil
configure:12544: result: no
configure:12655: checking for ld
configure:12671: found /usr/bin/ld
configure:12682: result: ld
configure:12796: checking for lipo
configure:12826: result: no
configure:12937: checking for nm
configure:12953: found /usr/bin/nm
configure:12964: result: nm
configure:13078: checking for ranlib
configure:13094: found /usr/bin/ranlib
configure:13105: result: ranlib
configure:13214: checking for strip
configure:13230: found /usr/bin/strip
configure:13241: result: strip
configure:13350: checking for windres
configure:13380: result: no
configure:13491: checking for windmc
configure:13521: result: no
configure:13632: checking for objcopy
configure:13648: found /usr/bin/objcopy
configure:13659: result: objcopy
configure:13773: checking for objdump
configure:13789: found /usr/bin/objdump
configure:13800: result: objdump
configure:13914: checking for otool
configure:13944: result: no
configure:14055: checking for readelf
configure:14071: found /usr/bin/readelf
configure:14082: result: readelf
configure:14112: checking for -plugin option
configure:14232: result: --plugin /usr/libexec/gcc/x86_64-linux-gnu/13/liblto_plugin.so
configure:14379: checking for cc
configure:14395: found /usr/bin/cc
configure:14406: result: cc
configure:14540: checking for c++
configure:14556: found /usr/bin/c++
configure:14567: result: c++
configure:14701: checking for gcc
configure:14717: found /usr/bin/gcc
configure:14728: result: gcc
configure:14857: checking for gfortran
configure:14887: result: no
configure:15018: checking for gccgo
configure:15048: result: no
configure:15179: checking for gdc
configure:15209: result: no
configure:15340: checking for gm2
configure:15370: result: no
configure:15431: checking for ar
configure:15464: result: no
configure:15581: checking for ar
configure:15597: found /usr/bin/ar
configure:15608: result: ar
configure:15661: checking for as
configure:15694: result: no
configure:15811: checking for as
configure:15827: found /usr/bin/as
configure:15838: result: as
configure:15891: checking for dlltool
configure:15924: result: no
configure:16041: checking for dlltool
configure:16071: result: no
configure:16121: checking for dsymutil
configure:16154: result: no
configure:16271: checking for dsymutil
configure:16301: result: no
configure:16351: checking for ld
configure:16384: result: no
configure:16501: checking for ld
configure:16517: found /usr/bin/ld
configure:16528: result: ld
configure:16581: checking for lipo
configure:16614: result: no
configure:16731: checking for lipo
configure:16761: result: no
configure:16811: checking for nm
configure:16844: result: no
configure:16961: checking for nm
configure:16977: found /usr/bin/nm
configure:16988: result: nm
configure:17041: checking for objcopy
configure:17074: result: no
configure:17191: checking for objcopy
configure:17207: found /usr/bin/objcopy
configure:17218: result: objcopy
configure:17271: checking for objdump
configure:17304: result: no
configure:17421: checking for objdump
configure:17437: found /usr/bin/objdump
configure:17448: result: objdump
configure:17501: checking for otool
configure:17534: result: no
configure:17651: checking for otool
configure:17681: result: no
configure:17731: checking for ranlib
configure:17764: result: no
configure:17881: checking for ranlib
configure:17897: found /usr/bin/ranlib
configure:17908: result: ranlib
configure:17961: checking for readelf
configure:17994: result: no
configure:18111: checking for readelf
configure:18127: found /usr/bin/readelf
configure:18138: result: readelf
configure:18191: checking for strip
configure:18224: result: no
configure:18341: checking for strip
configure:18357: found /usr/bin/strip
configure:18368: result: strip
configure:18421: checking for windres
configure:18454: result: no
configure:18571: checking for windres
configure:18601: result: no
configure:18651: checking for windmc
configure:18684: result: no
configure:18801: checking for windmc
configure:18831: result: no
configure:18859: checking where to find the target ar
configure:18892: result: host tool
configure:18901: checking where to find the target as
configure:18934: result: host tool
configure:18943: checking where to find the target cc
configure:18966: result: just compiled
configure:18985: checking where to find the target c++
configure:19011: result: just compiled
configure:19030: checking where to find the target c++ for libstdc++
configure:19056: result: just compiled
configure:19075: checking where to find the target dlltool
configure:19108: result: host tool
configure:19117: checking where to find the target dsymutil
configure:19139: result: host tool
configure:19148: checking where to find the target gcc
configure:19171: result: just compiled
configure:19190: checking where to find the target gfortran
configure:19226: result: host tool
configure:19235: checking where to find the target gccgo
configure:19271: result: host tool
configure:19280: checking where to find the target gdc
configure:19316: result: host tool
configure:19325: checking where to find the target gm2
configure:19361: result: host tool
configure:19370: checking where to find the target ld
configure:19403: result: host tool
configure:19412: checking where to find the target lipo
configure:19434: result: host tool
configure:19443: checking where to find the target nm
configure:19476: result: host tool
configure:19485: checking where to find the target objcopy
configure:19518: result: host tool
configure:19527: checking where to find the target objdump
configure:19560: result: host tool
configure:19569: checking where to find the target otool
configure:19591: result: host tool
configure:19600: checking where to find the target ranlib
configure:19633: result: host tool
configure:19642: checking where to find the target readelf
configure:19675: result: host tool
configure:19684: checking where to find the target strip
configure:19717: result: host tool
configure:19726: checking where to find the target windres
configure:19759: result: host tool
configure:19768: checking where to find the target windmc
configure:19801: result: host tool
configure:19838: checking whether to enable maintainer-specific portions of Makefiles
configure:19847: result: no
configure:20084: creating ./config.status

## ---------------------- ##
## Running config.status. ##
## ---------------------- ##

This file was extended by config.status, which was
generated by GNU Autoconf 2.69.  Invocation command line was

  CONFIG_FILES    = 
  CONFIG_HEADERS  = 
  CONFIG_LINKS    = 
  CONFIG_COMMANDS = 
  $ ./config.status 

on ucc-testbed-HP-ENVY-All-in-One-Desktop-34-c1xxx

config.status:1071: creating Makefile

## ---------------- ##
## Cache variables. ##
## ---------------- ##

ac_cv_build=x86_64-pc-linux-gnu
ac_cv_c_compiler_gnu=yes
ac_cv_cxx_compiler_gnu=yes
ac_cv_env_AR_FOR_TARGET_set=
ac_cv_env_AR_FOR_TARGET_value=
ac_cv_env_AR_set=
ac_cv_env_AR_value=
ac_cv_env_AS_FOR_TARGET_set=
ac_cv_env_AS_FOR_TARGET_value=
ac_cv_env_AS_set=
ac_cv_env_AS_value=
ac_cv_env_CCC_set=
ac_cv_env_CCC_value=
ac_cv_env_CC_FOR_TARGET_set=
ac_cv_env_CC_FOR_TARGET_value=
ac_cv_env_CC_set=
ac_cv_env_CC_value=
ac_cv_env_CFLAGS_set=
ac_cv_env_CFLAGS_value=
ac_cv_env_CPPFLAGS_set=
ac_cv_env_CPPFLAGS_value=
ac_cv_env_CXXFLAGS_set=
ac_cv_env_CXXFLAGS_value=
ac_cv_env_CXX_FOR_TARGET_set=
ac_cv_env_CXX_FOR_TARGET_value=
ac_cv_env_CXX_set=
ac_cv_env_CXX_value=
ac_cv_env_DLLTOOL_FOR_TARGET_set=
ac_cv_env_DLLTOOL_FOR_TARGET_value=
ac_cv_env_DLLTOOL_set=
ac_cv_env_DLLTOOL_value=
ac_cv_env_DSYMUTIL_FOR_TARGET_set=
ac_cv_env_DSYMUTIL_FOR_TARGET_value=
ac_cv_env_DSYMUTIL_set=
ac_cv_env_DSYMUTIL_value=
ac_cv_env_GCC_FOR_TARGET_set=
ac_cv_env_GCC_FOR_TARGET_value=
ac_cv_env_GDC_FOR_TARGET_set=
ac_cv_env_GDC_FOR_TARGET_value=
ac_cv_env_GFORTRAN_FOR_TARGET_set=
ac_cv_env_GFORTRAN_FOR_TARGET_value=
ac_cv_env_GM2_FOR_TARGET_set=
ac_cv_env_GM2_FOR_TARGET_value=
ac_cv_env_GOC_FOR_TARGET_set=
ac_cv_env_GOC_FOR_TARGET_value=
ac_cv_env_LDFLAGS_set=
ac_cv_env_LDFLAGS_value=
ac_cv_env_LD_FOR_TARGET_set=
ac_cv_env_LD_FOR_TARGET_value=
ac_cv_env_LD_set=
ac_cv_env_LD_value=
ac_cv_env_LIBS_set=
ac_cv_env_LIBS_value=
ac_cv_env_LIPO_FOR_TARGET_set=
ac_cv_env_LIPO_FOR_TARGET_value=
ac_cv_env_LIPO_set=
ac_cv_env_LIPO_value=
ac_cv_env_NM_FOR_TARGET_set=
ac_cv_env_NM_FOR_TARGET_value=
ac_cv_env_NM_set=
ac_cv_env_NM_value=
ac_cv_env_OBJCOPY_FOR_TARGET_set=
ac_cv_env_OBJCOPY_FOR_TARGET_value=
ac_cv_env_OBJCOPY_set=
ac_cv_env_OBJCOPY_value=
ac_cv_env_OBJDUMP_FOR_TARGET_set=
ac_cv_env_OBJDUMP_FOR_TARGET_value=
ac_cv_env_OBJDUMP_set=
ac_cv_env_OBJDUMP_value=
ac_cv_env_OTOOL_FOR_TARGET_set=
ac_cv_env_OTOOL_FOR_TARGET_value=
ac_cv_env_OTOOL_set=
ac_cv_env_OTOOL_value=
ac_cv_env_RANLIB_FOR_TARGET_set=
ac_cv_env_RANLIB_FOR_TARGET_value=
ac_cv_env_RANLIB_set=
ac_cv_env_RANLIB_value=
ac_cv_env_READELF_FOR_TARGET_set=
ac_cv_env_READELF_FOR_TARGET_value=
ac_cv_env_READELF_set=
ac_cv_env_READELF_value=
ac_cv_env_STRIP_FOR_TARGET_set=
ac_cv_env_STRIP_FOR_TARGET_value=
ac_cv_env_STRIP_set=
ac_cv_env_STRIP_value=
ac_cv_env_WINDMC_FOR_TARGET_set=
ac_cv_env_WINDMC_FOR_TARGET_value=
ac_cv_env_WINDMC_set=
ac_cv_env_WINDMC_value=
ac_cv_env_WINDRES_FOR_TARGET_set=
ac_cv_env_WINDRES_FOR_TARGET_value=
ac_cv_env_WINDRES_set=
ac_cv_env_WINDRES_value=
ac_cv_env_build_alias_set=set
ac_cv_env_build_alias_value=x86_64-linux-gnu
ac_cv_env_build_configargs_set=
ac_cv_env_build_configargs_value=
ac_cv_env_host_alias_set=
ac_cv_env_host_alias_value=
ac_cv_env_host_configargs_set=
ac_cv_env_host_configargs_value=
ac_cv_env_target_alias_set=
ac_cv_env_target_alias_value=
ac_cv_env_target_configargs_set=
ac_cv_env_target_configargs_value=
ac_cv_host=x86_64-pc-linux-gnu
ac_cv_objext=o
ac_cv_path_SED=/usr/bin/sed
ac_cv_path_install='/usr/bin/install -c'
ac_cv_prog_AR=ar
ac_cv_prog_AR_FOR_TARGET=ar
ac_cv_prog_AS=as
ac_cv_prog_AS_FOR_TARGET=as
ac_cv_prog_AWK=gawk
ac_cv_prog_BISON=bison
ac_cv_prog_CARGO=cargo
ac_cv_prog_CC_FOR_TARGET=cc
ac_cv_prog_CXX_FOR_TARGET=c++
ac_cv_prog_FLEX=flex
ac_cv_prog_GCC_FOR_TARGET=gcc
ac_cv_prog_LD=ld
ac_cv_prog_LD_FOR_TARGET=ld
ac_cv_prog_LEX=flex
ac_cv_prog_M4=m4
ac_cv_prog_MAKEINFO=makeinfo
ac_cv_prog_NM=nm
ac_cv_prog_NM_FOR_TARGET=nm
ac_cv_prog_OBJCOPY=objcopy
ac_cv_prog_OBJCOPY_FOR_TARGET=objcopy
ac_cv_prog_OBJDUMP=objdump
ac_cv_prog_OBJDUMP_FOR_TARGET=objdump
ac_cv_prog_RANLIB=ranlib
ac_cv_prog_RANLIB_FOR_TARGET=ranlib
ac_cv_prog_READELF=readelf
ac_cv_prog_READELF_FOR_TARGET=readelf
ac_cv_prog_STRIP=strip
ac_cv_prog_STRIP_FOR_TARGET=strip
ac_cv_prog_YACC='bison -y'
ac_cv_prog_ac_ct_CC=gcc
ac_cv_prog_ac_ct_CXX=g++
ac_cv_prog_ac_ct_GNATBIND=gnatbind
ac_cv_prog_ac_ct_GNATMAKE=gnatmake
ac_cv_prog_cc_c89=
ac_cv_prog_cc_c99=
ac_cv_prog_cc_g=yes
ac_cv_prog_cxx_g=yes
ac_cv_search_dlopen='none required'
ac_cv_search_pthread_create='none required'
ac_cv_target=x86_64-pc-linux-gnu
acx_cv_cc_gcc_supports_ada=yes
acx_cv_d_compiler_works=no
acx_cv_prog_LN=ln
ax_cv_cxx_compile_cxx14=yes
gcc_cv_isl=no
gcc_cv_prog_cmp_skip='cmp --ignore-initial=16 $$f1 $$f2'
gcc_cv_tool_dirs=/usr/local/libexec/gcc/x86_64-linux-gnu/15:/usr/local/libexec/gcc/x86_64-linux-gnu:/usr/lib/gcc/x86_64-linux-gnu/15:/usr/lib/gcc/x86_64-linux-gnu:/usr/local/x86_64-linux-gnu/bin/x86_64-linux-gnu/15:/usr/local/x86_64-linux-gnu/bin:
gcc_cv_tool_prefix=/usr/local
lt_cv_objdir=.libs

## ----------------- ##
## Output variables. ##
## ----------------- ##

AR='ar'
AR_FOR_BUILD='$(AR)'
AR_FOR_TARGET='$(AR)'
AR_PLUGIN_OPTION='--plugin /usr/libexec/gcc/x86_64-linux-gnu/13/liblto_plugin.so'
AS='as'
AS_FOR_BUILD='$(AS)'
AS_FOR_TARGET='$(AS)'
AWK='gawk'
BISON='bison'
BUILD_CONFIG=''
CARGO='cargo'
CC='gcc'
CC_FOR_BUILD='$(CC)'
CC_FOR_TARGET='$$r/$(HOST_SUBDIR)/gcc/xgcc -B$$r/$(HOST_SUBDIR)/gcc/'
CFLAGS='-g -O2'
CFLAGS_FOR_BUILD='-g -O2'
CFLAGS_FOR_TARGET='-g -O2'
COMPILER_AS_FOR_TARGET='$$r/$(HOST_SUBDIR)/gcc/as'
COMPILER_LD_FOR_TARGET='$$r/$(HOST_SUBDIR)/gcc/collect-ld'
COMPILER_NM_FOR_TARGET='$$r/$(HOST_SUBDIR)/gcc/nm'
CONFIGURE_GDB_TK=''
CPPFLAGS=''
CPPFLAGS_FOR_BUILD=''
CPP_FOR_BUILD=''
CRAB1_LIBS=''
CXX='g++'
CXXFLAGS='-g -O2'
CXXFLAGS_FOR_BUILD='-g -O2'
CXXFLAGS_FOR_TARGET='-g -O2'
CXX_FOR_BUILD='$(CXX)'
CXX_FOR_TARGET='$$r/$(HOST_SUBDIR)/gcc/xg++ -B$$r/$(HOST_SUBDIR)/gcc/ -nostdinc++ `if test -f $$r/$(TARGET_SUBDIR)/libstdc++-v3/scripts/testsuite_flags; then $(SHELL) $$r/$(TARGET_SUBDIR)/libstdc++-v3/scripts/testsuite_flags --build-includes; else echo -funconfigured-libstdc++-v3 ; fi` -L$$r/$(TARGET_SUBDIR)/libstdc++-v3/src -L$$r/$(TARGET_SUBDIR)/libstdc++-v3/src/.libs -L$$r/$(TARGET_SUBDIR)/libstdc++-v3/libsupc++/.libs'
DEBUG_PREFIX_CFLAGS_FOR_TARGET=''
DEFS='-DPACKAGE_NAME=\"\" -DPACKAGE_TARNAME=\"\" -DPACKAGE_VERSION=\"\" -DPACKAGE_STRING=\"\" -DPACKAGE_BUGREPORT=\"\" -DPACKAGE_URL=\"\" -DHAVE_CXX14=1 -DLT_OBJDIR=\".libs/\"'
DLLTOOL='dlltool'
DLLTOOL_FOR_BUILD='$(DLLTOOL)'
DLLTOOL_FOR_TARGET='$(DLLTOOL)'
DSYMUTIL='dsymutil'
DSYMUTIL_FOR_BUILD='$(DSYMUTIL)'
DSYMUTIL_FOR_TARGET='$(DSYMUTIL)'
ECHO_C=''
ECHO_N='-n'
ECHO_T=''
EXEEXT=''
EXPECT='expect'
FLAGS_FOR_TARGET=' -B$(build_tooldir)/bin/ -B$(build_tooldir)/lib/ -isystem $(build_tooldir)/include -isystem $(build_tooldir)/sys-include'
FLEX='flex'
GCC_FOR_TARGET='$$r/$(HOST_SUBDIR)/gcc/xgcc -B$$r/$(HOST_SUBDIR)/gcc/'
GCC_SHLIB_SUBDIR=''
GDB_TK=''
GDC='no'
GDCFLAGS='-g -O2'
GDC_FOR_BUILD='$(GDC)'
GDC_FOR_TARGET='$(GDC)'
GFORTRAN_FOR_BUILD='$(GFORTRAN)'
GFORTRAN_FOR_TARGET='$(GFORTRAN)'
GM2_FOR_TARGET='$(GM2)'
GNATBIND='gnatbind'
GNATMAKE='gnatmake'
GOC_FOR_BUILD='$(GOC)'
GOC_FOR_TARGET='$(GOC)'
HAVE_CXX14='1'
HAVE_CXX14_FOR_BUILD=''
INSTALL_DATA='${INSTALL} -m 644'
INSTALL_GDB_TK=''
INSTALL_PROGRAM='${INSTALL}'
INSTALL_SCRIPT='${INSTALL}'
LD='ld'
LDFLAGS=''
LDFLAGS_FOR_BUILD=''
LDFLAGS_FOR_TARGET=''
LD_FOR_BUILD='$(LD)'
LD_FOR_TARGET='$(LD)'
LEX='flex'
LIBOBJS=''
LIBS=''
LIPO='lipo'
LIPO_FOR_TARGET='$(LIPO)'
LN='ln'
LN_S='ln -s'
LTLIBOBJS=''
M4='m4'
MAINT='#'
MAINTAINER_MODE_FALSE=''
MAINTAINER_MODE_TRUE='#'
MAKEINFO='makeinfo'
NM='nm'
NM_FOR_BUILD='$(NM)'
NM_FOR_TARGET='$(NM)'
OBJCOPY='objcopy'
OBJCOPY_FOR_TARGET='$(OBJCOPY)'
OBJDUMP='objdump'
OBJDUMP_FOR_TARGET='$(OBJDUMP)'
OBJEXT='o'
OTOOL='otool'
OTOOL_FOR_TARGET='$(OTOOL)'
PACKAGE_BUGREPORT=''
PACKAGE_NAME=''
PACKAGE_STRING=''
PACKAGE_TARNAME=''
PACKAGE_URL=''
PACKAGE_VERSION=''
PATH_SEPARATOR=':'
PGO_BUILD_GEN_CFLAGS=''
PGO_BUILD_LTO_CFLAGS=''
PGO_BUILD_USE_CFLAGS=''
PICFLAG=''
PKG_CONFIG_PATH=''
RANLIB='ranlib'
RANLIB_FOR_BUILD='$(RANLIB)'
RANLIB_FOR_TARGET='$(RANLIB)'
RANLIB_PLUGIN_OPTION='--plugin /usr/libexec/gcc/x86_64-linux-gnu/13/liblto_plugin.so'
RAW_CXX_FOR_TARGET='$$r/$(HOST_SUBDIR)/gcc/xgcc -shared-libgcc -B$$r/$(HOST_SUBDIR)/gcc -nostdinc++ -L$$r/$(TARGET_SUBDIR)/libstdc++-v3/src -L$$r/$(TARGET_SUBDIR)/libstdc++-v3/src/.libs -L$$r/$(TARGET_SUBDIR)/libstdc++-v3/libsupc++/.libs'
READELF='readelf'
READELF_FOR_TARGET='$(READELF)'
RPATH_ENVVAR='LD_LIBRARY_PATH'
RUNTEST='runtest'
SED='/usr/bin/sed'
SHELL='/bin/bash'
STRIP='strip'
STRIP_FOR_TARGET='$(STRIP)'
SYSROOT_CFLAGS_FOR_TARGET=''
TOPLEVEL_CONFIGURE_ARGUMENTS='../configure --enable-languages=c,c++ --disable-multilib --disable-bootstrap --enable-shared --enable-threads=posix --enable-checking=release --with-system-zlib --enable-__cxa_atexit --disable-libunwind-exceptions --enable-gnu-unique-object --with-gcc-major-version-only --enable-linker-build-id --with-linker-hash-style=gnu --enable-plugin --enable-initfini-array --enable-gnu-indirect-function --with-tune=generic --build=x86_64-linux-gnu'
WINDMC='windmc'
WINDMC_FOR_BUILD='$(WINDMC)'
WINDMC_FOR_TARGET='$(WINDMC)'
WINDRES='windres'
WINDRES_FOR_BUILD='$(WINDRES)'
WINDRES_FOR_TARGET='$(WINDRES)'
YACC='bison -y'
ac_ct_CC='gcc'
ac_ct_CXX='g++'
bindir='${exec_prefix}/bin'
build='x86_64-pc-linux-gnu'
build_alias='x86_64-linux-gnu'
build_configargs=' --cache-file=./config.cache '\''--disable-multilib'\'' '\''--disable-bootstrap'\'' '\''--enable-shared'\'' '\''--enable-threads=posix'\'' '\''--enable-checking=release'\'' '\''--with-system-zlib'\'' '\''--enable-__cxa_atexit'\'' '\''--disable-libunwind-exceptions'\'' '\''--enable-gnu-unique-object'\'' '\''--with-gcc-major-version-only'\'' '\''--enable-linker-build-id'\'' '\''--with-linker-hash-style=gnu'\'' '\''--enable-plugin'\'' '\''--enable-initfini-array'\'' '\''--enable-gnu-indirect-function'\'' '\''--with-tune=generic'\'' '\''--enable-languages=c,c++,lto'\'' --program-transform-name='\''s,y,y,'\'' --disable-option-checking --disable-year2038'
build_configdirs=' libiberty libcpp fixincludes'
build_cpu='x86_64'
build_libsubdir='build-x86_64-linux-gnu'
build_noncanonical='x86_64-linux-gnu'
build_os='linux-gnu'
build_subdir='build-x86_64-linux-gnu'
build_tooldir='${exec_prefix}/x86_64-linux-gnu'
build_vendor='pc'
compare_exclusions='gcc/cc*-checksum$(objext) | gcc/ada/*tools/* | gcc/m2/gm2-compiler-boot/M2Version* | gcc/m2/gm2-compiler-boot/SYSTEM* | gcc/m2/gm2version*'
configdirs=' libiberty libbacktrace libcpp libcody libdecnumber fixincludes gcc libcc1 c++tools lto-plugin'
datadir='${datarootdir}'
datarootdir='${prefix}/share'
do_compare='cmp --ignore-initial=16 $$f1 $$f2'
docdir='${datarootdir}/doc/${PACKAGE}'
dvidir='${docdir}'
enable_libgdiagnostics='no'
exec_prefix='${prefix}'
extra_host_libiberty_configure_flags='--enable-shared'
extra_host_zlib_configure_flags=''
extra_isl_gmp_configure_flags=''
extra_linker_plugin_configure_flags=''
extra_linker_plugin_flags=''
extra_mpc_gmp_configure_flags=''
extra_mpc_mpfr_configure_flags=''
extra_mpfr_configure_flags=''
gcc_host_pie=''
get_gcc_base_ver='sed -e '\''s/^\([0-9]*\).*/\1/'\'''
gmpinc=''
gmplibs='-lmpc -lmpfr -lgmp'
host='x86_64-pc-linux-gnu'
host_alias=''
host_configargs=' --cache-file=./config.cache  --with-system-zlib '\''--disable-multilib'\'' '\''--disable-bootstrap'\'' '\''--enable-shared'\'' '\''--enable-threads=posix'\'' '\''--enable-checking=release'\'' '\''--with-system-zlib'\'' '\''--enable-__cxa_atexit'\'' '\''--disable-libunwind-exceptions'\'' '\''--enable-gnu-unique-object'\'' '\''--with-gcc-major-version-only'\'' '\''--enable-linker-build-id'\'' '\''--with-linker-hash-style=gnu'\'' '\''--enable-plugin'\'' '\''--enable-initfini-array'\'' '\''--enable-gnu-indirect-function'\'' '\''--with-tune=generic'\'' '\''--enable-languages=c,c++,lto'\'' --program-transform-name='\''s,y,y,'\'' --disable-option-checking --disable-year2038'
host_cpu='x86_64'
host_libs_picflag=''
host_noncanonical='x86_64-linux-gnu'
host_os='linux-gnu'
host_pie='no'
host_shared='no'
host_subdir='.'
host_vendor='pc'
htmldir='${docdir}'
includedir='${prefix}/include'
infodir='${datarootdir}/info'
islinc=''
isllibs=''
libdir='${exec_prefix}/lib'
libexecdir='${exec_prefix}/libexec'
localedir='${datarootdir}/locale'
localstatedir='${prefix}/var'
mandir='${datarootdir}/man'
oldincludedir='/usr/include'
pdfdir='${docdir}'
poststage1_ldflags='-static-libstdc++ -static-libgcc'
poststage1_libs=''
prefix='/usr/local'
program_transform_name='s,y,y,'
psdir='${docdir}'
sbindir='${exec_prefix}/sbin'
sharedstatedir='${prefix}/com'
stage1_cflags='-g'
stage1_checking='--enable-checking=release,types'
stage1_languages='c,c++,lto'
stage1_ldflags='-static-libstdc++ -static-libgcc'
stage1_libs=''
stage2_werror_flag='--enable-werror-always'
sysconfdir='${prefix}/etc'
target='x86_64-pc-linux-gnu'
target_alias=''
target_configargs='--cache-file=./config.cache   '\''--disable-multilib'\'' '\''--disable-bootstrap'\'' '\''--enable-shared'\'' '\''--enable-threads=posix'\'' '\''--enable-checking=release'\'' '\''--with-system-zlib'\'' '\''--enable-__cxa_atexit'\'' '\''--disable-libunwind-exceptions'\'' '\''--enable-gnu-unique-object'\'' '\''--with-gcc-major-version-only'\'' '\''--enable-linker-build-id'\'' '\''--with-linker-hash-style=gnu'\'' '\''--enable-plugin'\'' '\''--enable-initfini-array'\'' '\''--enable-gnu-indirect-function'\'' '\''--with-tune=generic'\'' '\''--enable-languages=c,c++,lto'\'' --program-transform-name='\''s,y,y,'\'' --disable-option-checking --disable-year2038'
target_configdirs=' libgcc libgomp libatomic libitm libstdc++-v3 libsanitizer libvtv libssp libquadmath'
target_cpu='x86_64'
target_noncanonical='x86_64-linux-gnu'
target_os='linux-gnu'
target_subdir='x86_64-linux-gnu'
target_vendor='pc'
tooldir='${exec_prefix}/x86_64-linux-gnu'

## ------------------- ##
## File substitutions. ##
## ------------------- ##

alphaieee_frag='/dev/null'
host_makefile_frag='/dev/null'
ospace_frag='/dev/null'
serialization_dependencies='serdep.tmp'
target_makefile_frag='../config/mt-gnu'

## ----------- ##
## confdefs.h. ##
## ----------- ##

/* confdefs.h */
#define PACKAGE_NAME ""
#define PACKAGE_TARNAME ""
#define PACKAGE_VERSION ""
#define PACKAGE_STRING ""
#define PACKAGE_BUGREPORT ""
#define PACKAGE_URL ""
#define HAVE_CXX14 1
#define LT_OBJDIR ".libs/"

configure: exit 0
